\BOOKMARK [-1][]{ctitle.-1}{北京师范大学珠海分校学术论文LaTeX模版}{}% 1
\BOOKMARK [0][]{section*.2}{摘要}{ctitle.-1}% 2
\BOOKMARK [0][]{section*.5}{ABSTRACT}{ctitle.-1}% 3
\BOOKMARK [0][]{bnuchapter.1.0}{目 录}{ctitle.-1}% 4
\BOOKMARK [0][]{bnuchapter.2.0}{主要符号对照表}{ctitle.-1}% 5
\BOOKMARK [0][]{chapter.1}{第 1 章  带 English 的标题}{ctitle.-1}% 6
\BOOKMARK [1][-]{section.1.1}{1.1 封面相关}{chapter.1}% 7
\BOOKMARK [1][-]{section.1.2}{1.2 字体命令}{chapter.1}% 8
\BOOKMARK [1][-]{section.1.3}{1.3 表格样本}{chapter.1}% 9
\BOOKMARK [2][-]{subsection.1.3.1}{1.3.1 基本表格}{section.1.3}% 10
\BOOKMARK [2][-]{subsection.1.3.2}{1.3.2 复杂表格}{section.1.3}% 11
\BOOKMARK [2][-]{subsection.1.3.3}{1.3.3 其它}{section.1.3}% 12
\BOOKMARK [1][-]{section.1.4}{1.4 定理环境}{chapter.1}% 13
\BOOKMARK [1][-]{section.1.5}{1.5 参考文献}{chapter.1}% 14
\BOOKMARK [1][-]{section.1.6}{1.6 公式}{chapter.1}% 15
\BOOKMARK [0][]{chapter.2}{第 2 章  中华人民共和国}{ctitle.-1}% 16
\BOOKMARK [1][-]{section.2.1}{2.1 其它例子}{chapter.2}% 17
\BOOKMARK [2][-]{subsection.2.1.1}{2.1.1 绘图}{section.2.1}% 18
\BOOKMARK [2][-]{subsection.2.1.2}{2.1.2 插图}{section.2.1}% 19
\BOOKMARK [3][-]{subsubsection.2.1.2.1}{2.1.2.1 一个图形}{subsection.2.1.2}% 20
\BOOKMARK [3][-]{subsubsection.2.1.2.2}{2.1.2.2 多个图形}{subsection.2.1.2}% 21
\BOOKMARK [0][]{section*.25}{插图索引}{ctitle.-1}% 22
\BOOKMARK [0][]{section*.28}{表格索引}{ctitle.-1}% 23
\BOOKMARK [0][]{section*.31}{公式索引}{ctitle.-1}% 24
\BOOKMARK [0][]{section*.34}{参考文献}{ctitle.-1}% 25
\BOOKMARK [0][]{section*.37}{致谢}{ctitle.-1}% 26
\BOOKMARK [0][]{appendix.A}{附录  1  外文资料原文}{ctitle.-1}% 27
\BOOKMARK [1][-]{section.A.1}{\0401.1\040Single-Objective\040Programming}{appendix.A}% 28
\BOOKMARK [2][-]{subsection.A.1.1}{\0401.1.1\040Linear\040Programming}{section.A.1}% 29
\BOOKMARK [2][-]{subsection.A.1.2}{\0401.1.2\040Nonlinear\040Programming}{section.A.1}% 30
\BOOKMARK [2][-]{subsection.A.1.3}{\0401.1.3\040Integer\040Programming}{section.A.1}% 31
\BOOKMARK [0][]{appendix.B}{附录  2  外文资料的调研阅读报告或书面翻译}{ctitle.-1}% 32
\BOOKMARK [1][-]{section.B.1}{ 2.1 单目标规划}{appendix.B}% 33
\BOOKMARK [2][-]{subsection.B.1.1}{ 2.1.1 线性规划}{section.B.1}% 34
\BOOKMARK [2][-]{subsection.B.1.2}{ 2.1.2 非线性规划}{section.B.1}% 35
\BOOKMARK [2][-]{subsection.B.1.3}{ 2.1.3 整数规划}{section.B.1}% 36
\BOOKMARK [0][]{appendix.C}{附录  3  其它附录}{ctitle.-1}% 37
